746  [main] INFO  log.HelloLog - info
811  [main] DEBUG log.HelloLog - debug
847  [main] WARN  log.HelloLog - warn
863  [main] ERROR log.HelloLog - error
873  [main] TRACE log.HelloLog - trace
724  [main] INFO  log.HelloLog - info
775  [main] DEBUG log.HelloLog - debug
802  [main] WARN  log.HelloLog - warn
875  [main] ERROR log.HelloLog - error
894  [main] TRACE log.HelloLog - trace
794  [main] INFO  log.HelloLog - info
860  [main] DEBUG log.HelloLog - debug
884  [main] WARN  log.HelloLog - warn
892  [main] ERROR log.HelloLog - error
721  [main] INFO  log.HelloLog - info
751  [main] DEBUG log.HelloLog - debug
781  [main] WARN  log.HelloLog - warn
807  [main] ERROR log.HelloLog - error
749  [main] INFO  log.HelloLog - info
823  [main] DEBUG log.HelloLog - debug
849  [main] WARN  log.HelloLog - warn
863  [main] ERROR log.HelloLog - error
692  [main] INFO  log.HelloLog - info
738  [main] DEBUG log.HelloLog - debug
767  [main] WARN  log.HelloLog - warn
782  [main] ERROR log.HelloLog - error
790  [main] TRACE log.HelloLog - trace
702  [main] INFO  log.HelloLog - info
736  [main] DEBUG log.HelloLog - debug
757  [main] WARN  log.HelloLog - warn
788  [main] ERROR log.HelloLog - error
818  [main] TRACE log.HelloLog - trace
798  [main] INFO  log.HelloLog - info
858  [main] DEBUG log.HelloLog - debug
874  [main] WARN  log.HelloLog - warn
900  [main] ERROR log.HelloLog - error
728  [main] ERROR log.HelloLog - error
731  [main] INFO  log.HelloLog - info
773  [main] DEBUG log.HelloLog - debug
795  [main] WARN  log.HelloLog - warn
812  [main] ERROR log.HelloLog - error
717  [main] ERROR log.HelloLog - error
667  [main] ERROR log.HelloLog - error
691  [main] ERROR log.HelloLog - error
817  [main] ERROR log.HelloLog - error
815  [main] ERROR log.HelloLog - error
762  [main] ERROR log.HelloLog - error
745  [main] ERROR log.HelloLog - error
689  [main] INFO  log.HelloLog - info
720  [main] DEBUG log.HelloLog - debug
739  [main] WARN  log.HelloLog - warn
749  [main] ERROR log.HelloLog - error
787  [main] INFO  log.HelloLog - info
819  [main] DEBUG log.HelloLog - debug
836  [main] WARN  log.HelloLog - warn
870  [main] ERROR log.HelloLog - error
893  [main] TRACE log.HelloLog - trace
719  [main] WARN  log.HelloLog - warn
755  [main] ERROR log.HelloLog - error
679  [main] WARN  log.HelloLog - warn
726  [main] ERROR log.HelloLog - error
692  [main] WARN  log.HelloLog - warn
742  [main] ERROR log.HelloLog - error
724  [main] WARN  log.HelloLog - warn
767  [main] ERROR log.HelloLog - error
263  [main] INFO  log.HelloLog - info
267  [main] DEBUG log.HelloLog - debug
267  [main] WARN  log.HelloLog - warn
267  [main] ERROR log.HelloLog - error
268  [main] TRACE log.HelloLog - trace
254  [main] ERROR log.HelloLog - error
234  [main] ERROR log.HelloLog - error
248  [main] ERROR log.HelloLog - error
287  [main] ERROR log.HelloLog - error
254  [main] ERROR log.HelloLog - error
267  [main] ERROR log.HelloLog - error
264  [main] ERROR log.HelloLog - error
221  [main] ERROR log.HelloLog - error
257  [main] INFO  log.HelloLog - info
260  [main] DEBUG log.HelloLog - debug
260  [main] WARN  log.HelloLog - warn
260  [main] ERROR log.HelloLog - error
260  [main] TRACE log.HelloLog - trace
256  [main] INFO  log.HelloLog - info
258  [main] DEBUG log.HelloLog - debug
258  [main] WARN  log.HelloLog - warn
258  [main] ERROR log.HelloLog - error
258  [main] TRACE log.HelloLog - trace
266  [main] INFO  log.HelloLog - info
268  [main] DEBUG log.HelloLog - debug
268  [main] WARN  log.HelloLog - warn
268  [main] ERROR log.HelloLog - error
268  [main] TRACE log.HelloLog - trace
243  [main] ERROR log.HelloLog - error
246  [main] INFO  log.HelloLog - info
248  [main] DEBUG log.HelloLog - debug
248  [main] WARN  log.HelloLog - warn
249  [main] ERROR log.HelloLog - error
249  [main] TRACE log.HelloLog - trace
